#
# There is insufficient memory for the Java Runtime Environment to continue.
# Native memory allocation (malloc) failed to allocate 384496 bytes. Error detail: Chunk::new
# Possible reasons:
#   The system is out of physical RAM or swap space
#   This process is running with CompressedOops enabled, and the Java Heap may be blocking the growth of the native heap
# Possible solutions:
#   Reduce memory load on the system
#   Increase physical memory or swap space
#   Check if swap backing store is full
#   Decrease Java heap size (-Xmx/-Xms)
#   Decrease number of Java threads
#   Decrease Java thread stack sizes (-Xss)
#   Set larger code cache with -XX:ReservedCodeCacheSize=
#   JVM is running with Unscaled Compressed Oops mode in which the Java heap is
#     placed in the first 4GB address space. The Java Heap base address is the
#     maximum limit for the native heap growth. Please use -XX:HeapBaseMinAddress
#     to set the Java Heap base and to place the Java Heap above 4GB virtual address.
# This output file may be truncated or incomplete.
#
#  Out of Memory Error (arena.cpp:168), pid=35936, tid=11320
#
# JRE version: OpenJDK Runtime Environment Temurin-21.0.7+6 (21.0.7+6) (build 21.0.7+6-LTS)
# Java VM: OpenJDK 64-Bit Server VM Temurin-21.0.7+6 (21.0.7+6-LTS, mixed mode, sharing, tiered, compressed oops, compressed class ptrs, parallel gc, windows-amd64)
# No core dump will be written. Minidumps are not enabled by default on client versions of Windows
#

---------------  S U M M A R Y ------------

Command Line: --add-modules=ALL-SYSTEM --add-opens=java.base/java.util=ALL-UNNAMED --add-opens=java.base/java.lang=ALL-UNNAMED --add-opens=java.base/sun.nio.fs=ALL-UNNAMED -Declipse.application=org.eclipse.jdt.ls.core.id1 -Dosgi.bundles.defaultStartLevel=4 -Declipse.product=org.eclipse.jdt.ls.core.product -Djava.import.generatesMetadataFilesAtProjectRoot=false -DDetectVMInstallationsJob.disabled=true -Dfile.encoding=utf8 -XX:+UseParallelGC -XX:GCTimeRatio=4 -XX:AdaptiveSizePolicyWeight=90 -Dsun.zip.disableMemoryMapping=true -Xmx1G -Xms100m -Xlog:disable -javaagent:c:\Users\RPA\.trae-cn\extensions\redhat.java-1.42.0-win32-x64\lombok\lombok-1.18.36.jar -XX:+HeapDumpOnOutOfMemoryError -XX:HeapDumpPath=c:\Users\RPA\AppData\Roaming\Trae CN\User\workspaceStorage\1627118c1c6ffa5067399d3ddeda3502\redhat.java -Daether.dependencyCollector.impl=bf c:\Users\RPA\.trae-cn\extensions\redhat.java-1.42.0-win32-x64\server\plugins\org.eclipse.equinox.launcher_1.7.0.v20250424-1814.jar -configuration c:\Users\RPA\AppData\Roaming\Trae CN\User\globalStorage\redhat.java\1.42.0\config_win -data c:\Users\RPA\AppData\Roaming\Trae CN\User\workspaceStorage\1627118c1c6ffa5067399d3ddeda3502\redhat.java\jdt_ws --pipe=\\.\pipe\lsp-92bb8452e2724546898fcd0fa450782e-sock

Host: 12th Gen Intel(R) Core(TM) i5-12450H, 12 cores, 15G,  Windows 11 , 64 bit Build 22621 (10.0.22621.5415)
Time: Thu Jun 26 11:57:10 2025  Windows 11 , 64 bit Build 22621 (10.0.22621.5415) elapsed time: 0.831220 seconds (0d 0h 0m 0s)

---------------  T H R E A D  ---------------

Current thread (0x000002bfeb4278b0):  JavaThread "C2 CompilerThread1" daemon [_thread_in_native, id=11320, stack(0x000000cad1300000,0x000000cad1400000) (1024K)]


Current CompileTask:
C2:831 1331       4       java.io.DataInputStream::readUTF (501 bytes)

Stack: [0x000000cad1300000,0x000000cad1400000]
Native frames: (J=compiled Java code, j=interpreted, Vv=VM code, C=native code)
V  [jvm.dll+0x6ce119]
V  [jvm.dll+0x8a84a1]
V  [jvm.dll+0x8aa9ce]
V  [jvm.dll+0x8ab0b3]
V  [jvm.dll+0x27f8a6]
V  [jvm.dll+0xc507d]
V  [jvm.dll+0xc55b3]
V  [jvm.dll+0x2f2c6d]
V  [jvm.dll+0x5f6bca]
V  [jvm.dll+0x250cb2]
V  [jvm.dll+0x25106f]
V  [jvm.dll+0x249934]
V  [jvm.dll+0x246fc4]
V  [jvm.dll+0x1c760e]
V  [jvm.dll+0x25695a]
V  [jvm.dll+0x254efa]
V  [jvm.dll+0x3f03f6]
V  [jvm.dll+0x851f6b]
V  [jvm.dll+0x6cc7dd]
C  [ucrtbase.dll+0x29333]
C  [KERNEL32.DLL+0x1259d]
C  [ntdll.dll+0x5af78]


---------------  P R O C E S S  ---------------

Threads class SMR info:
_java_thread_list=0x000002bfeb580d90, length=12, elements={
0x000002bf94927f10, 0x000002bf949de460, 0x000002bfa8cf9230, 0x000002bfa8cfc950,
0x000002bfeb234fd0, 0x000002bfeb238380, 0x000002bfeb239720, 0x000002bfeb23e2d0,
0x000002bfeb249d80, 0x000002bfeb36d0a0, 0x000002bfeb4278b0, 0x000002bfeb4fadd0
}

Java Threads: ( => current thread )
  0x000002bf94927f10 JavaThread "main"                              [_thread_in_native, id=22640, stack(0x000000cad0600000,0x000000cad0700000) (1024K)]
  0x000002bf949de460 JavaThread "Reference Handler"          daemon [_thread_blocked, id=26920, stack(0x000000cad0a00000,0x000000cad0b00000) (1024K)]
  0x000002bfa8cf9230 JavaThread "Finalizer"                  daemon [_thread_blocked, id=33756, stack(0x000000cad0b00000,0x000000cad0c00000) (1024K)]
  0x000002bfa8cfc950 JavaThread "Signal Dispatcher"          daemon [_thread_blocked, id=39344, stack(0x000000cad0c00000,0x000000cad0d00000) (1024K)]
  0x000002bfeb234fd0 JavaThread "Attach Listener"            daemon [_thread_blocked, id=23016, stack(0x000000cad0d00000,0x000000cad0e00000) (1024K)]
  0x000002bfeb238380 JavaThread "Service Thread"             daemon [_thread_blocked, id=30504, stack(0x000000cad0e00000,0x000000cad0f00000) (1024K)]
  0x000002bfeb239720 JavaThread "Monitor Deflation Thread"   daemon [_thread_blocked, id=29636, stack(0x000000cad0f00000,0x000000cad1000000) (1024K)]
  0x000002bfeb23e2d0 JavaThread "C2 CompilerThread0"         daemon [_thread_in_native, id=40556, stack(0x000000cad1000000,0x000000cad1100000) (1024K)]
  0x000002bfeb249d80 JavaThread "C1 CompilerThread0"         daemon [_thread_blocked, id=17516, stack(0x000000cad1100000,0x000000cad1200000) (1024K)]
  0x000002bfeb36d0a0 JavaThread "Common-Cleaner"             daemon [_thread_blocked, id=25028, stack(0x000000cad1200000,0x000000cad1300000) (1024K)]
=>0x000002bfeb4278b0 JavaThread "C2 CompilerThread1"         daemon [_thread_in_native, id=11320, stack(0x000000cad1300000,0x000000cad1400000) (1024K)]
  0x000002bfeb4fadd0 JavaThread "Notification Thread"        daemon [_thread_blocked, id=30068, stack(0x000000cad2000000,0x000000cad2100000) (1024K)]
Total: 12

Other Threads:
  0x000002bfa8cf4930 VMThread "VM Thread"                           [id=23704, stack(0x000000cad0900000,0x000000cad0a00000) (1024K)]
  0x000002bfa8beca00 WatcherThread "VM Periodic Task Thread"        [id=32120, stack(0x000000cad0800000,0x000000cad0900000) (1024K)]
  0x000002bf949462f0 WorkerThread "GC Thread#0"                     [id=16016, stack(0x000000cad0700000,0x000000cad0800000) (1024K)]
  0x000002bff10c13b0 WorkerThread "GC Thread#1"                     [id=35508, stack(0x000000cad2200000,0x000000cad2300000) (1024K)]
  0x000002bff14e4840 WorkerThread "GC Thread#2"                     [id=20616, stack(0x000000cad2300000,0x000000cad2400000) (1024K)]
  0x000002bff14e4be0 WorkerThread "GC Thread#3"                     [id=36776, stack(0x000000cad2400000,0x000000cad2500000) (1024K)]
  0x000002bff14e4f80 WorkerThread "GC Thread#4"                     [id=11676, stack(0x000000cad2500000,0x000000cad2600000) (1024K)]
  0x000002bff1454a90 WorkerThread "GC Thread#5"                     [id=41572, stack(0x000000cad2600000,0x000000cad2700000) (1024K)]
  0x000002bff1454e30 WorkerThread "GC Thread#6"                     [id=11696, stack(0x000000cad2700000,0x000000cad2800000) (1024K)]
Total: 9

Threads with active compile tasks:
C2 CompilerThread0  857 1343   !   4       java.io.BufferedInputStream::read (69 bytes)
C2 CompilerThread1  858 1331       4       java.io.DataInputStream::readUTF (501 bytes)
Total: 2

VM state: not at safepoint (normal execution)

VM Mutex/Monitor currently owned by a thread: None

Heap address: 0x00000000c0000000, size: 1024 MB, Compressed Oops mode: 32-bit

CDS archive(s) mapped at: [0x000002bfa9000000-0x000002bfa9ba0000-0x000002bfa9ba0000), size 12189696, SharedBaseAddress: 0x000002bfa9000000, ArchiveRelocationMode: 1.
Compressed class space mapped at: 0x000002bfaa000000-0x000002bfea000000, reserved size: 1073741824
Narrow klass base: 0x000002bfa9000000, Narrow klass shift: 0, Narrow klass range: 0x100000000

GC Precious Log:
 CardTable entry size: 512
 CPUs: 12 total, 12 available
 Memory: 16091M
 Large Page Support: Disabled
 NUMA Support: Disabled
 Compressed Oops: Enabled (32-bit)
 Alignments: Space 512K, Generation 512K, Heap 2M
 Heap Min Capacity: 100M
 Heap Initial Capacity: 100M
 Heap Max Capacity: 1G
 Pre-touch: Disabled
 Parallel Workers: 10

Heap:
 PSYoungGen      total 29696K, used 13233K [0x00000000eab00000, 0x00000000ecc00000, 0x0000000100000000)
  eden space 25600K, 38% used [0x00000000eab00000,0x00000000eb494c78,0x00000000ec400000)
  from space 4096K, 83% used [0x00000000ec400000,0x00000000ec757880,0x00000000ec800000)
  to   space 4096K, 0% used [0x00000000ec800000,0x00000000ec800000,0x00000000ecc00000)
 ParOldGen       total 68608K, used 16K [0x00000000c0000000, 0x00000000c4300000, 0x00000000eab00000)
  object space 68608K, 0% used [0x00000000c0000000,0x00000000c0004000,0x00000000c4300000)
 Metaspace       used 6193K, committed 6528K, reserved 1114112K
  class space    used 627K, committed 768K, reserved 1048576K

Card table byte_map: [0x000002bf942c0000,0x000002bf944d0000] _byte_map_base: 0x000002bf93cc0000

Marking Bits: (ParMarkBitMap*) 0x00007ffddacd31f0
 Begin Bits: [0x000002bfa6b10000, 0x000002bfa7b10000)
 End Bits:   [0x000002bfa7b10000, 0x000002bfa8b10000)

Polling page: 0x000002bf92880000

Metaspace:

Usage:
  Non-class:      5.44 MB used.
      Class:    627.41 KB used.
       Both:      6.05 MB used.

Virtual space:
  Non-class space:       64.00 MB reserved,       5.62 MB (  9%) committed,  1 nodes.
      Class space:        1.00 GB reserved,     768.00 KB ( <1%) committed,  1 nodes.
             Both:        1.06 GB reserved,       6.38 MB ( <1%) committed. 

Chunk freelists:
   Non-Class:  10.05 MB
       Class:  15.06 MB
        Both:  25.11 MB

MaxMetaspaceSize: unlimited
CompressedClassSpaceSize: 1.00 GB
Initial GC threshold: 21.00 MB
Current GC threshold: 21.00 MB
CDS: on
 - commit_granule_bytes: 65536.
 - commit_granule_words: 8192.
 - virtual_space_node_default_size: 8388608.
 - enlarge_chunks_in_place: 1.
 - use_allocation_guard: 0.


Internal statistics:

num_allocs_failed_limit: 0.
num_arena_births: 228.
num_arena_deaths: 0.
num_vsnodes_births: 2.
num_vsnodes_deaths: 0.
num_space_committed: 102.
num_space_uncommitted: 0.
num_chunks_returned_to_freelist: 0.
num_chunks_taken_from_freelist: 341.
num_chunk_merges: 0.
num_chunk_splits: 230.
num_chunks_enlarged: 149.
num_inconsistent_stats: 0.

CodeHeap 'non-profiled nmethods': size=120000Kb used=508Kb max_used=508Kb free=119491Kb
 bounds [0x000002bf9f5e0000, 0x000002bf9f850000, 0x000002bfa6b10000]
CodeHeap 'profiled nmethods': size=120000Kb used=2328Kb max_used=2328Kb free=117671Kb
 bounds [0x000002bf97b10000, 0x000002bf97d80000, 0x000002bf9f040000]
CodeHeap 'non-nmethods': size=5760Kb used=1210Kb max_used=1230Kb free=4549Kb
 bounds [0x000002bf9f040000, 0x000002bf9f2b0000, 0x000002bf9f5e0000]
 total_blobs=1841 nmethods=1365 adapters=383
 compilation: enabled
              stopped_count=0, restarted_count=0
 full_count=0

Compilation events (20 events):
Event: 0.821 Thread 0x000002bfeb249d80 1346       3       org.eclipse.osgi.container.ModuleDatabase$Persistence::readString (7 bytes)
Event: 0.821 Thread 0x000002bfeb249d80 nmethod 1346 0x000002bf97d40f90 code [0x000002bf97d41140, 0x000002bf97d41260]
Event: 0.822 Thread 0x000002bfeb249d80 1347       3       org.eclipse.osgi.container.ModuleDatabase$Persistence::readMapValue (111 bytes)
Event: 0.823 Thread 0x000002bfeb249d80 nmethod 1347 0x000002bf97d41310 code [0x000002bf97d416a0, 0x000002bf97d429f8]
Event: 0.823 Thread 0x000002bfeb249d80 1348       3       org.eclipse.osgi.container.ModuleDatabase$Persistence::readVersion0 (96 bytes)
Event: 0.824 Thread 0x000002bfeb249d80 nmethod 1348 0x000002bf97d43110 code [0x000002bf97d43560, 0x000002bf97d45380]
Event: 0.824 Thread 0x000002bfeb249d80 1351       3       org.eclipse.osgi.container.ModuleDatabase$Persistence::readMap (118 bytes)
Event: 0.826 Thread 0x000002bfeb249d80 nmethod 1351 0x000002bf97d45d90 code [0x000002bf97d46140, 0x000002bf97d476c8]
Event: 0.826 Thread 0x000002bfeb249d80 1350       3       org.eclipse.osgi.container.ModuleDatabase$Persistence::readVersion (7 bytes)
Event: 0.826 Thread 0x000002bfeb249d80 nmethod 1350 0x000002bf97d48010 code [0x000002bf97d481c0, 0x000002bf97d482e0]
Event: 0.826 Thread 0x000002bfeb249d80 1349       3       org.eclipse.osgi.container.ModuleDatabase$Persistence::readIndexedMap (16 bytes)
Event: 0.827 Thread 0x000002bfeb249d80 nmethod 1349 0x000002bf97d48390 code [0x000002bf97d485c0, 0x000002bf97d48cb8]
Event: 0.827 Thread 0x000002bfeb249d80 1352       3       java.util.Collections::unmodifiableMap (22 bytes)
Event: 0.827 Thread 0x000002bfeb249d80 nmethod 1352 0x000002bf97d49010 code [0x000002bf97d49200, 0x000002bf97d49650]
Event: 0.827 Thread 0x000002bfeb249d80 1353       3       java.util.Collections$UnmodifiableMap::<init> (22 bytes)
Event: 0.827 Thread 0x000002bfeb249d80 nmethod 1353 0x000002bf97d49810 code [0x000002bf97d499c0, 0x000002bf97d49c40]
Event: 0.827 Thread 0x000002bfeb249d80 1357       3       org.eclipse.osgi.container.ModuleDatabase$Persistence::readListValue (97 bytes)
Event: 0.828 Thread 0x000002bfeb249d80 nmethod 1357 0x000002bf97d49d90 code [0x000002bf97d4a100, 0x000002bf97d4b3d0]
Event: 0.828 Thread 0x000002bfeb249d80 1360       3       org.eclipse.osgi.container.ModuleDatabase$Persistence::readList (78 bytes)
Event: 0.829 Thread 0x000002bfeb249d80 nmethod 1360 0x000002bf97d4bb10 code [0x000002bf97d4be40, 0x000002bf97d4cfe8]

GC Heap History (2 events):
Event: 0.622 GC heap before
{Heap before GC invocations=1 (full 0):
 PSYoungGen      total 29696K, used 25600K [0x00000000eab00000, 0x00000000ecc00000, 0x0000000100000000)
  eden space 25600K, 100% used [0x00000000eab00000,0x00000000ec400000,0x00000000ec400000)
  from space 4096K, 0% used [0x00000000ec800000,0x00000000ec800000,0x00000000ecc00000)
  to   space 4096K, 0% used [0x00000000ec400000,0x00000000ec400000,0x00000000ec800000)
 ParOldGen       total 68608K, used 0K [0x00000000c0000000, 0x00000000c4300000, 0x00000000eab00000)
  object space 68608K, 0% used [0x00000000c0000000,0x00000000c0000000,0x00000000c4300000)
 Metaspace       used 4351K, committed 4608K, reserved 1114112K
  class space    used 463K, committed 576K, reserved 1048576K
}
Event: 0.628 GC heap after
{Heap after GC invocations=1 (full 0):
 PSYoungGen      total 29696K, used 3422K [0x00000000eab00000, 0x00000000ecc00000, 0x0000000100000000)
  eden space 25600K, 0% used [0x00000000eab00000,0x00000000eab00000,0x00000000ec400000)
  from space 4096K, 83% used [0x00000000ec400000,0x00000000ec757880,0x00000000ec800000)
  to   space 4096K, 0% used [0x00000000ec800000,0x00000000ec800000,0x00000000ecc00000)
 ParOldGen       total 68608K, used 16K [0x00000000c0000000, 0x00000000c4300000, 0x00000000eab00000)
  object space 68608K, 0% used [0x00000000c0000000,0x00000000c0004000,0x00000000c4300000)
 Metaspace       used 4351K, committed 4608K, reserved 1114112K
  class space    used 463K, committed 576K, reserved 1048576K
}

Dll operation events (8 events):
Event: 0.009 Loaded shared library c:\Users\RPA\.trae-cn\extensions\redhat.java-1.42.0-win32-x64\jre\21.0.7-win32-x86_64\bin\java.dll
Event: 0.031 Loaded shared library c:\Users\RPA\.trae-cn\extensions\redhat.java-1.42.0-win32-x64\jre\21.0.7-win32-x86_64\bin\zip.dll
Event: 0.084 Loaded shared library C:\Users\RPA\.trae-cn\extensions\redhat.java-1.42.0-win32-x64\jre\21.0.7-win32-x86_64\bin\instrument.dll
Event: 0.088 Loaded shared library C:\Users\RPA\.trae-cn\extensions\redhat.java-1.42.0-win32-x64\jre\21.0.7-win32-x86_64\bin\net.dll
Event: 0.100 Loaded shared library C:\Users\RPA\.trae-cn\extensions\redhat.java-1.42.0-win32-x64\jre\21.0.7-win32-x86_64\bin\nio.dll
Event: 0.105 Loaded shared library C:\Users\RPA\.trae-cn\extensions\redhat.java-1.42.0-win32-x64\jre\21.0.7-win32-x86_64\bin\zip.dll
Event: 0.127 Loaded shared library C:\Users\RPA\.trae-cn\extensions\redhat.java-1.42.0-win32-x64\jre\21.0.7-win32-x86_64\bin\jimage.dll
Event: 0.202 Loaded shared library c:\Users\RPA\.trae-cn\extensions\redhat.java-1.42.0-win32-x64\jre\21.0.7-win32-x86_64\bin\verify.dll

Deoptimization events (20 events):
Event: 0.665 Thread 0x000002bf94927f10 Uncommon trap: trap_request=0xffffff45 fr.pc=0x000002bf9f63af3c relative=0x000000000000027c
Event: 0.665 Thread 0x000002bf94927f10 Uncommon trap: reason=unstable_if action=reinterpret pc=0x000002bf9f63af3c method=java.util.HashMap.hash(Ljava/lang/Object;)I @ 1 c2
Event: 0.665 Thread 0x000002bf94927f10 DEOPT PACKING pc=0x000002bf9f63af3c sp=0x000000cad06fe980
Event: 0.665 Thread 0x000002bf94927f10 DEOPT UNPACKING pc=0x000002bf9f093aa2 sp=0x000000cad06fe818 mode 2
Event: 0.666 Thread 0x000002bf94927f10 Uncommon trap: trap_request=0xffffff45 fr.pc=0x000002bf9f63c63c relative=0x000000000000027c
Event: 0.666 Thread 0x000002bf94927f10 Uncommon trap: reason=unstable_if action=reinterpret pc=0x000002bf9f63c63c method=java.util.HashMap.hash(Ljava/lang/Object;)I @ 1 c2
Event: 0.666 Thread 0x000002bf94927f10 DEOPT PACKING pc=0x000002bf9f63c63c sp=0x000000cad06fe920
Event: 0.666 Thread 0x000002bf94927f10 DEOPT UNPACKING pc=0x000002bf9f093aa2 sp=0x000000cad06fe828 mode 2
Event: 0.666 Thread 0x000002bf94927f10 Uncommon trap: trap_request=0xffffff45 fr.pc=0x000002bf9f636950 relative=0x00000000000000b0
Event: 0.666 Thread 0x000002bf94927f10 Uncommon trap: reason=unstable_if action=reinterpret pc=0x000002bf9f636950 method=java.util.HashMap.hash(Ljava/lang/Object;)I @ 1 c2
Event: 0.666 Thread 0x000002bf94927f10 DEOPT PACKING pc=0x000002bf9f636950 sp=0x000000cad06fe9a0
Event: 0.666 Thread 0x000002bf94927f10 DEOPT UNPACKING pc=0x000002bf9f093aa2 sp=0x000000cad06fe938 mode 2
Event: 0.666 Thread 0x000002bf94927f10 Uncommon trap: trap_request=0xffffffde fr.pc=0x000002bf9f62a490 relative=0x0000000000000570
Event: 0.666 Thread 0x000002bf94927f10 Uncommon trap: reason=class_check action=maybe_recompile pc=0x000002bf9f62a490 method=java.util.Collections$UnmodifiableCollection$1.<init>(Ljava/util/Collections$UnmodifiableCollection;)V @ 17 c2
Event: 0.666 Thread 0x000002bf94927f10 DEOPT PACKING pc=0x000002bf9f62a490 sp=0x000000cad06fe9d0
Event: 0.666 Thread 0x000002bf94927f10 DEOPT UNPACKING pc=0x000002bf9f093aa2 sp=0x000000cad06fe918 mode 2
Event: 0.762 Thread 0x000002bf94927f10 Uncommon trap: trap_request=0xffffff45 fr.pc=0x000002bf9f625bf8 relative=0x0000000000000198
Event: 0.762 Thread 0x000002bf94927f10 Uncommon trap: reason=unstable_if action=reinterpret pc=0x000002bf9f625bf8 method=java.lang.invoke.VarHandle.checkAccessModeThenIsDirect(Ljava/lang/invoke/VarHandle$AccessDescriptor;)Z @ 4 c2
Event: 0.762 Thread 0x000002bf94927f10 DEOPT PACKING pc=0x000002bf9f625bf8 sp=0x000000cad06fe980
Event: 0.762 Thread 0x000002bf94927f10 DEOPT UNPACKING pc=0x000002bf9f093aa2 sp=0x000000cad06fe8b8 mode 2

Classes loaded (20 events):
Event: 0.799 Loading class java/util/AbstractQueue done
Event: 0.799 Loading class java/util/concurrent/SynchronousQueue done
Event: 0.799 Loading class java/util/concurrent/SynchronousQueue$Transferer
Event: 0.799 Loading class java/util/concurrent/LinkedTransferQueue
Event: 0.799 Loading class java/util/concurrent/TransferQueue
Event: 0.799 Loading class java/util/concurrent/TransferQueue done
Event: 0.799 Loading class java/util/concurrent/LinkedTransferQueue done
Event: 0.799 Loading class java/util/concurrent/SynchronousQueue$Transferer done
Event: 0.799 Loading class java/util/concurrent/LinkedTransferQueue$DualNode
Event: 0.799 Loading class java/util/concurrent/LinkedTransferQueue$DualNode done
Event: 0.800 Loading class java/util/concurrent/RejectedExecutionHandler
Event: 0.800 Loading class java/util/concurrent/RejectedExecutionHandler done
Event: 0.800 Loading class java/util/concurrent/LinkedBlockingQueue
Event: 0.800 Loading class java/util/concurrent/LinkedBlockingQueue done
Event: 0.800 Loading class java/util/concurrent/LinkedBlockingQueue$Node
Event: 0.801 Loading class java/util/concurrent/LinkedBlockingQueue$Node done
Event: 0.809 Loading class java/util/concurrent/Semaphore$NonfairSync
Event: 0.809 Loading class java/util/concurrent/Semaphore$Sync
Event: 0.809 Loading class java/util/concurrent/Semaphore$Sync done
Event: 0.809 Loading class java/util/concurrent/Semaphore$NonfairSync done

Classes unloaded (0 events):
No events

Classes redefined (0 events):
No events

Internal exceptions (20 events):
Event: 0.455 Thread 0x000002bf94927f10 Exception <a 'java/lang/NoSuchMethodError'{0x00000000ebb0e720}: 'int java.lang.invoke.DirectMethodHandle$Holder.invokeStatic(java.lang.Object, java.lang.Object, java.lang.Object, java.lang.Object, java.lang.Object)'> (0x00000000ebb0e720) 
thrown [s\src\hotspot\share\interpreter\linkResolver.cpp, line 773]
Event: 0.468 Thread 0x000002bf94927f10 Exception <a 'java/lang/NoSuchMethodError'{0x00000000ebba2450}: 'java.lang.Object java.lang.invoke.DirectMethodHandle$Holder.invokeInterface(java.lang.Object, java.lang.Object, int)'> (0x00000000ebba2450) 
thrown [s\src\hotspot\share\interpreter\linkResolver.cpp, line 773]
Event: 0.547 Thread 0x000002bf94927f10 Exception <a 'java/lang/NoSuchMethodError'{0x00000000ebfebc88}: 'java.lang.ClassLoader java.lang.ClassLoader.getPlatformClassLoader(java.lang.Class)'> (0x00000000ebfebc88) 
thrown [s\src\hotspot\share\interpreter\linkResolver.cpp, line 773]
Event: 0.616 Thread 0x000002bf94927f10 Exception <a 'java/lang/ClassNotFoundException'{0x00000000ec3eae68}: sun/net/www/protocol/c/Handler> (0x00000000ec3eae68) 
thrown [s\src\hotspot\share\classfile\systemDictionary.cpp, line 312]
Event: 0.617 Thread 0x000002bf94927f10 Exception <a 'java/lang/ClassNotFoundException'{0x00000000ec3ec1d8}: sun/net/www/protocol/d/Handler> (0x00000000ec3ec1d8) 
thrown [s\src\hotspot\share\classfile\systemDictionary.cpp, line 312]
Event: 0.617 Thread 0x000002bf94927f10 Exception <a 'java/lang/ClassNotFoundException'{0x00000000ec3ed370}: sun/net/www/protocol/c/Handler> (0x00000000ec3ed370) 
thrown [s\src\hotspot\share\classfile\systemDictionary.cpp, line 312]
Event: 0.630 Thread 0x000002bf94927f10 Exception <a 'java/io/FileNotFoundException'{0x00000000eab15ea8}> (0x00000000eab15ea8) 
thrown [s\src\hotspot\share\prims\jni.cpp, line 520]
Event: 0.665 Thread 0x000002bf94927f10 Implicit null exception at 0x000002bf9f641449 to 0x000002bf9f641f10
Event: 0.665 Thread 0x000002bf94927f10 Implicit null exception at 0x000002bf9f63ad1a to 0x000002bf9f63af24
Event: 0.665 Thread 0x000002bf94927f10 Exception <a 'java/lang/NoSuchMethodError'{0x00000000eacc18b0}: 'void java.lang.invoke.DirectMethodHandle$Holder.invokeStatic(java.lang.Object, java.lang.Object, java.lang.Object, java.lang.Object)'> (0x00000000eacc18b0) 
thrown [s\src\hotspot\share\interpreter\linkResolver.cpp, line 773]
Event: 0.666 Thread 0x000002bf94927f10 Implicit null exception at 0x000002bf9f63c41a to 0x000002bf9f63c624
Event: 0.666 Thread 0x000002bf94927f10 Implicit null exception at 0x000002bf9f6368bd to 0x000002bf9f636941
Event: 0.711 Thread 0x000002bf94927f10 Exception <a 'java/lang/NoSuchMethodError'{0x00000000eae7cba0}: 'long java.lang.invoke.DirectMethodHandle$Holder.invokeStatic(java.lang.Object, java.lang.Object, int)'> (0x00000000eae7cba0) 
thrown [s\src\hotspot\share\interpreter\linkResolver.cpp, line 773]
Event: 0.712 Thread 0x000002bf94927f10 Exception <a 'java/lang/NoSuchMethodError'{0x00000000eae84590}: 'java.lang.Object java.lang.invoke.DirectMethodHandle$Holder.invokeSpecial(java.lang.Object, java.lang.Object, java.lang.Object, java.lang.Object, long)'> (0x00000000eae84590) 
thrown [s\src\hotspot\share\interpreter\linkResolver.cpp, line 773]
Event: 0.714 Thread 0x000002bf94927f10 Exception <a 'java/lang/NoSuchMethodError'{0x00000000eae92478}: 'java.lang.Object java.lang.invoke.DirectMethodHandle$Holder.invokeSpecial(java.lang.Object, java.lang.Object, java.lang.Object, int, java.lang.Object)'> (0x00000000eae92478) 
thrown [s\src\hotspot\share\interpreter\linkResolver.cpp, line 773]
Event: 0.718 Thread 0x000002bf94927f10 Exception <a 'java/lang/NoSuchMethodError'{0x00000000eaebba30}: 'int java.lang.invoke.DirectMethodHandle$Holder.invokeStaticInit(java.lang.Object, java.lang.Object, java.lang.Object, java.lang.Object)'> (0x00000000eaebba30) 
thrown [s\src\hotspot\share\interpreter\linkResolver.cpp, line 773]
Event: 0.719 Thread 0x000002bf94927f10 Exception <a 'java/lang/IncompatibleClassChangeError'{0x00000000eaec3f30}: Found class java.lang.Object, but interface was expected> (0x00000000eaec3f30) 
thrown [s\src\hotspot\share\interpreter\linkResolver.cpp, line 840]
Event: 0.719 Thread 0x000002bf94927f10 Exception <a 'java/lang/NoSuchMethodError'{0x00000000eaec80d0}: 'void java.lang.invoke.DirectMethodHandle$Holder.invokeStaticInit(java.lang.Object, java.lang.Object)'> (0x00000000eaec80d0) 
thrown [s\src\hotspot\share\interpreter\linkResolver.cpp, line 773]
Event: 0.720 Thread 0x000002bf94927f10 Exception <a 'java/lang/NoSuchMethodError'{0x00000000eaecef68}: 'int java.lang.invoke.DirectMethodHandle$Holder.invokeStaticInit(java.lang.Object, java.lang.Object)'> (0x00000000eaecef68) 
thrown [s\src\hotspot\share\interpreter\linkResolver.cpp, line 773]
Event: 0.782 Thread 0x000002bf94927f10 Exception <a 'java/lang/NoSuchMethodError'{0x00000000eb02f538}: 'void java.lang.invoke.DirectMethodHandle$Holder.invokeSpecial(java.lang.Object, java.lang.Object, java.lang.Object)'> (0x00000000eb02f538) 
thrown [s\src\hotspot\share\interpreter\linkResolver.cpp, line 773]

ZGC Phase Switch (0 events):
No events

VM Operations (10 events):
Event: 0.141 Executing VM operation: HandshakeAllThreads (Deoptimize)
Event: 0.141 Executing VM operation: HandshakeAllThreads (Deoptimize) done
Event: 0.399 Executing VM operation: HandshakeAllThreads (Deoptimize)
Event: 0.399 Executing VM operation: HandshakeAllThreads (Deoptimize) done
Event: 0.410 Executing VM operation: HandshakeAllThreads (Deoptimize)
Event: 0.410 Executing VM operation: HandshakeAllThreads (Deoptimize) done
Event: 0.586 Executing VM operation: ICBufferFull
Event: 0.587 Executing VM operation: ICBufferFull done
Event: 0.622 Executing VM operation: ParallelGCFailedAllocation (Allocation Failure)
Event: 0.628 Executing VM operation: ParallelGCFailedAllocation (Allocation Failure) done

Memory protections (0 events):
No events

Nmethod flushes (0 events):
No events

Events (12 events):
Event: 0.019 Thread 0x000002bf94927f10 Thread added: 0x000002bf94927f10
Event: 0.041 Thread 0x000002bf94927f10 Thread added: 0x000002bf949de460
Event: 0.042 Thread 0x000002bf94927f10 Thread added: 0x000002bfa8cf9230
Event: 0.042 Thread 0x000002bf94927f10 Thread added: 0x000002bfa8cfc950
Event: 0.042 Thread 0x000002bf94927f10 Thread added: 0x000002bfeb234fd0
Event: 0.042 Thread 0x000002bf94927f10 Thread added: 0x000002bfeb238380
Event: 0.042 Thread 0x000002bf94927f10 Thread added: 0x000002bfeb239720
Event: 0.042 Thread 0x000002bf94927f10 Thread added: 0x000002bfeb23e2d0
Event: 0.042 Thread 0x000002bf94927f10 Thread added: 0x000002bfeb249d80
Event: 0.059 Thread 0x000002bf94927f10 Thread added: 0x000002bfeb36d0a0
Event: 0.076 Thread 0x000002bfeb249d80 Thread added: 0x000002bfeb4278b0
Event: 0.289 Thread 0x000002bf94927f10 Thread added: 0x000002bfeb4fadd0


Dynamic libraries:
0x00007ff7b68a0000 - 0x00007ff7b68ae000 	c:\Users\RPA\.trae-cn\extensions\redhat.java-1.42.0-win32-x64\jre\21.0.7-win32-x86_64\bin\java.exe
0x00007ffecaab0000 - 0x00007ffecacc7000 	C:\WINDOWS\SYSTEM32\ntdll.dll
0x00007ffec8b50000 - 0x00007ffec8c14000 	C:\WINDOWS\System32\KERNEL32.DLL
0x00007ffec7ba0000 - 0x00007ffec7f72000 	C:\WINDOWS\System32\KERNELBASE.dll
0x00007ffec8300000 - 0x00007ffec8411000 	C:\WINDOWS\System32\ucrtbase.dll
0x00007ffea84e0000 - 0x00007ffea84f8000 	c:\Users\RPA\.trae-cn\extensions\redhat.java-1.42.0-win32-x64\jre\21.0.7-win32-x86_64\bin\jli.dll
0x00007ffeb1f60000 - 0x00007ffeb1f7e000 	c:\Users\RPA\.trae-cn\extensions\redhat.java-1.42.0-win32-x64\jre\21.0.7-win32-x86_64\bin\VCRUNTIME140.dll
0x00007ffeca700000 - 0x00007ffeca8b1000 	C:\WINDOWS\System32\USER32.dll
0x00007ffec8420000 - 0x00007ffec8446000 	C:\WINDOWS\System32\win32u.dll
0x00007ffec8780000 - 0x00007ffec87a9000 	C:\WINDOWS\System32\GDI32.dll
0x00007ffec8450000 - 0x00007ffec8573000 	C:\WINDOWS\System32\gdi32full.dll
0x00007ffec7f80000 - 0x00007ffec801a000 	C:\WINDOWS\System32\msvcp_win.dll
0x00007ffeaff30000 - 0x00007ffeb01cb000 	C:\WINDOWS\WinSxS\amd64_microsoft.windows.common-controls_6595b64144ccf1df_6.0.22621.5415_none_270d77d17387d7da\COMCTL32.dll
0x00007ffec8ee0000 - 0x00007ffec8f87000 	C:\WINDOWS\System32\msvcrt.dll
0x00007ffec8c20000 - 0x00007ffec8c51000 	C:\WINDOWS\System32\IMM32.DLL
0x00007ffec02c0000 - 0x00007ffec02cc000 	c:\Users\RPA\.trae-cn\extensions\redhat.java-1.42.0-win32-x64\jre\21.0.7-win32-x86_64\bin\vcruntime140_1.dll
0x00007ffe7f3a0000 - 0x00007ffe7f42d000 	c:\Users\RPA\.trae-cn\extensions\redhat.java-1.42.0-win32-x64\jre\21.0.7-win32-x86_64\bin\msvcp140.dll
0x00007ffdda020000 - 0x00007ffddadb0000 	c:\Users\RPA\.trae-cn\extensions\redhat.java-1.42.0-win32-x64\jre\21.0.7-win32-x86_64\bin\server\jvm.dll
0x00007ffec87b0000 - 0x00007ffec8861000 	C:\WINDOWS\System32\ADVAPI32.dll
0x00007ffec9c10000 - 0x00007ffec9cb8000 	C:\WINDOWS\System32\sechost.dll
0x00007ffec8210000 - 0x00007ffec8238000 	C:\WINDOWS\System32\bcrypt.dll
0x00007ffec8c60000 - 0x00007ffec8d74000 	C:\WINDOWS\System32\RPCRT4.dll
0x00007ffec8e60000 - 0x00007ffec8ed1000 	C:\WINDOWS\System32\WS2_32.dll
0x00007ffebdb30000 - 0x00007ffebdb64000 	C:\WINDOWS\SYSTEM32\WINMM.dll
0x00007ffeb0e80000 - 0x00007ffeb0e8a000 	C:\WINDOWS\SYSTEM32\VERSION.dll
0x00007ffec69e0000 - 0x00007ffec6a2d000 	C:\WINDOWS\SYSTEM32\POWRPROF.dll
0x00007ffec69c0000 - 0x00007ffec69d3000 	C:\WINDOWS\SYSTEM32\UMPDC.dll
0x00007ffec6c80000 - 0x00007ffec6c98000 	C:\WINDOWS\SYSTEM32\kernel.appcore.dll
0x00007ffeb1d10000 - 0x00007ffeb1d1a000 	c:\Users\RPA\.trae-cn\extensions\redhat.java-1.42.0-win32-x64\jre\21.0.7-win32-x86_64\bin\jimage.dll
0x00007ffec5590000 - 0x00007ffec57c3000 	C:\WINDOWS\SYSTEM32\DBGHELP.DLL
0x00007ffec9870000 - 0x00007ffec9c03000 	C:\WINDOWS\System32\combase.dll
0x00007ffec8d80000 - 0x00007ffec8e57000 	C:\WINDOWS\System32\OLEAUT32.dll
0x00007ffea91e0000 - 0x00007ffea9212000 	C:\WINDOWS\SYSTEM32\dbgcore.DLL
0x00007ffec8580000 - 0x00007ffec85fb000 	C:\WINDOWS\System32\bcryptPrimitives.dll
0x00007ffeb1c00000 - 0x00007ffeb1c0f000 	c:\Users\RPA\.trae-cn\extensions\redhat.java-1.42.0-win32-x64\jre\21.0.7-win32-x86_64\bin\instrument.dll
0x00007ffea5e30000 - 0x00007ffea5e4f000 	c:\Users\RPA\.trae-cn\extensions\redhat.java-1.42.0-win32-x64\jre\21.0.7-win32-x86_64\bin\java.dll
0x00007ffec9d40000 - 0x00007ffeca5e2000 	C:\WINDOWS\System32\SHELL32.dll
0x00007ffec8600000 - 0x00007ffec873f000 	C:\WINDOWS\System32\wintypes.dll
0x00007ffec5a90000 - 0x00007ffec63ae000 	C:\WINDOWS\SYSTEM32\windows.storage.dll
0x00007ffec89d0000 - 0x00007ffec8adb000 	C:\WINDOWS\System32\SHCORE.dll
0x00007ffec8ae0000 - 0x00007ffec8b49000 	C:\WINDOWS\System32\shlwapi.dll
0x00007ffec7ad0000 - 0x00007ffec7afb000 	C:\WINDOWS\SYSTEM32\profapi.dll
0x00007ffea24b0000 - 0x00007ffea24c8000 	c:\Users\RPA\.trae-cn\extensions\redhat.java-1.42.0-win32-x64\jre\21.0.7-win32-x86_64\bin\zip.dll
0x00007ffeb16f0000 - 0x00007ffeb1700000 	C:\Users\RPA\.trae-cn\extensions\redhat.java-1.42.0-win32-x64\jre\21.0.7-win32-x86_64\bin\net.dll
0x00007ffec1410000 - 0x00007ffec153c000 	C:\WINDOWS\SYSTEM32\WINHTTP.dll
0x0000000180000000 - 0x000000018008c000 	C:\WINDOWS\system32\ASProxy64.dll
0x00007ffec9170000 - 0x00007ffec9310000 	C:\WINDOWS\System32\ole32.dll
0x00007ffec70f0000 - 0x00007ffec7159000 	C:\WINDOWS\SYSTEM32\MSWSOCK.dll
0x00007ffec66c0000 - 0x00007ffec66ed000 	C:\WINDOWS\SYSTEM32\IPHLPAPI.DLL
0x00007ffec6ee0000 - 0x00007ffec6f23000 	C:\WINDOWS\SYSTEM32\SspiCli.dll
0x00007ffea1040000 - 0x00007ffea1056000 	C:\Users\RPA\.trae-cn\extensions\redhat.java-1.42.0-win32-x64\jre\21.0.7-win32-x86_64\bin\nio.dll
0x00007ffeb1650000 - 0x00007ffeb1660000 	c:\Users\RPA\.trae-cn\extensions\redhat.java-1.42.0-win32-x64\jre\21.0.7-win32-x86_64\bin\verify.dll
0x00007ffec1cf0000 - 0x00007ffec1da4000 	C:\WINDOWS\system32\uxtheme.dll

dbghelp: loaded successfully - version: 4.0.5 - missing functions: none
symbol engine: initialized successfully - sym options: 0x614 - pdb path: .;c:\Users\RPA\.trae-cn\extensions\redhat.java-1.42.0-win32-x64\jre\21.0.7-win32-x86_64\bin;C:\WINDOWS\SYSTEM32;C:\WINDOWS\WinSxS\amd64_microsoft.windows.common-controls_6595b64144ccf1df_6.0.22621.5415_none_270d77d17387d7da;c:\Users\RPA\.trae-cn\extensions\redhat.java-1.42.0-win32-x64\jre\21.0.7-win32-x86_64\bin\server

VM Arguments:
jvm_args: --add-modules=ALL-SYSTEM --add-opens=java.base/java.util=ALL-UNNAMED --add-opens=java.base/java.lang=ALL-UNNAMED --add-opens=java.base/sun.nio.fs=ALL-UNNAMED -Declipse.application=org.eclipse.jdt.ls.core.id1 -Dosgi.bundles.defaultStartLevel=4 -Declipse.product=org.eclipse.jdt.ls.core.product -Djava.import.generatesMetadataFilesAtProjectRoot=false -DDetectVMInstallationsJob.disabled=true -Dfile.encoding=utf8 -XX:+UseParallelGC -XX:GCTimeRatio=4 -XX:AdaptiveSizePolicyWeight=90 -Dsun.zip.disableMemoryMapping=true -Xmx1G -Xms100m -Xlog:disable -javaagent:c:\Users\RPA\.trae-cn\extensions\redhat.java-1.42.0-win32-x64\lombok\lombok-1.18.36.jar -XX:+HeapDumpOnOutOfMemoryError -XX:HeapDumpPath=c:\Users\RPA\AppData\Roaming\Trae CN\User\workspaceStorage\1627118c1c6ffa5067399d3ddeda3502\redhat.java -Daether.dependencyCollector.impl=bf 
java_command: c:\Users\RPA\.trae-cn\extensions\redhat.java-1.42.0-win32-x64\server\plugins\org.eclipse.equinox.launcher_1.7.0.v20250424-1814.jar -configuration c:\Users\RPA\AppData\Roaming\Trae CN\User\globalStorage\redhat.java\1.42.0\config_win -data c:\Users\RPA\AppData\Roaming\Trae CN\User\workspaceStorage\1627118c1c6ffa5067399d3ddeda3502\redhat.java\jdt_ws --pipe=\\.\pipe\lsp-92bb8452e2724546898fcd0fa450782e-sock
java_class_path (initial): c:\Users\RPA\.trae-cn\extensions\redhat.java-1.42.0-win32-x64\server\plugins\org.eclipse.equinox.launcher_1.7.0.v20250424-1814.jar
Launcher Type: SUN_STANDARD

[Global flags]
    uintx AdaptiveSizePolicyWeight                 = 90                                        {product} {command line}
     intx CICompilerCount                          = 4                                         {product} {ergonomic}
    uintx GCTimeRatio                              = 4                                         {product} {command line}
     bool HeapDumpOnOutOfMemoryError               = true                                   {manageable} {command line}
    ccstr HeapDumpPath                             = c:\Users\RPA\AppData\Roaming\Trae CN\User\workspaceStorage\1627118c1c6ffa5067399d3ddeda3502\redhat.java         {manageable} {command line}
   size_t InitialHeapSize                          = 104857600                                 {product} {command line}
   size_t MaxHeapSize                              = 1073741824                                {product} {command line}
   size_t MaxNewSize                               = 357564416                                 {product} {ergonomic}
   size_t MinHeapDeltaBytes                        = 524288                                    {product} {ergonomic}
   size_t MinHeapSize                              = 104857600                                 {product} {command line}
   size_t NewSize                                  = 34603008                                  {product} {ergonomic}
    uintx NonNMethodCodeHeapSize                   = 5839372                                {pd product} {ergonomic}
    uintx NonProfiledCodeHeapSize                  = 122909434                              {pd product} {ergonomic}
   size_t OldSize                                  = 70254592                                  {product} {ergonomic}
    uintx ProfiledCodeHeapSize                     = 122909434                              {pd product} {ergonomic}
    uintx ReservedCodeCacheSize                    = 251658240                              {pd product} {ergonomic}
     bool SegmentedCodeCache                       = true                                      {product} {ergonomic}
   size_t SoftMaxHeapSize                          = 1073741824                             {manageable} {ergonomic}
     bool UseCompressedOops                        = true                           {product lp64_product} {ergonomic}
     bool UseLargePagesIndividualAllocation        = false                                  {pd product} {ergonomic}
     bool UseParallelGC                            = true                                      {product} {command line}

Logging:
Log output configuration:
 #0: stdout all=off uptime,level,tags foldmultilines=false
 #1: stderr all=off uptime,level,tags foldmultilines=false

Environment Variables:
JAVA_HOME=D:\Program Files\Eclipse Adoptium\jdk-21.0.7.6-hotspot
PATH=C:\Users\RPA\.trae-cn\tools\gradle\latest\bin;D:\Program Files\Eclipse Adoptium\jdk-21.0.7.6-hotspot\bin;C:\Users\RPA\.trae-cn\tools\maven\latest\bin;c:\Users\RPA\.trae-cn\sdks\workspaces\1627118c\versions\node\current;c:\Users\RPA\.trae-cn\sdks\versions\node\current;D:\Program Files\Eclipse Adoptium\jdk-21.0.7.6-hotspot\bin;C:\Python313\Scripts\;C:\Python313\;D:\中国电子口岸客户端控件\libs\txrn;D:\中国电子口岸客户端控件\libs\MOFCOM;D:\中国电子口岸客户端控件\libs\cus;D:\中国电子口岸客户端控件\libs\pdfes;D:\中国电子口岸客户端控件\libs\pdf;D:\中国电子口岸客户端控件\libs\others;D:\中国电子口岸客户端控件\libs;D:\中国电子口岸客户端控件\;C:\Program Files (x86)\ShadowBot;C:\WINDOWS\system32;C:\WINDOWS;C:\WINDOWS\System32\Wbem;C:\WINDOWS\System32\WindowsPowerShell\v1.0\;C:\WINDOWS\System32\OpenSSH\;C:\Program Files\MySQL\MySQL Server 8.0\bin;D:\Program Files\nodejs\;C:\ProgramData\chocolatey\bin;C:\Users\RPA\AppData\Roaming\Python\Python313\Scripts;D:\phantomjs\phantomjs-2.1.1-windows\phantomjs-2.1.1-windows\bin\phantomjs.exe;D:\Redis\Redis-x64-3.0.504;D:\Redis2;D:\Program Files\Eclipse Adoptium\jdk-21.0.7.6-hotspot\bin;D:\apache-maven-3.9.10\bin;D:\Program Files\MySQL\MySQL Server 8.0\bin;d:\Users\RPA\AppData\Local\Programs\Trae CN\bin;C:\Program Files (x86)\ShadowBot;C:\Users\RPA\AppData\Local\Microsoft\WindowsApps;D:\Microsoft VS Code\bin;C:\Users\RPA\AppData\Roaming\npm;D:\Fidder\Fiddler;D:\phantomjs\phantomjs-2.1.1-windows\phantomjs-2.1.1-windows\bin\phantomjs.exe;D:\Redis\Redis-x64-3.0.504;D:\Redis2;D:\Program Files\Eclipse Adoptium\jdk-21.0.7.6-hotspot\bin;C:\Users\RPA\AppData\Local\JetBrains\Toolbox\scripts;D:\apache-maven-3.9.10\bin;D:\Program Files\MySQL\MySQL Server 8.0\bin;;d:\Users\RPA\AppData\Local\Programs\Trae CN\resources\app\bin\lib
USERNAME=RPA
OS=Windows_NT
PROCESSOR_IDENTIFIER=Intel64 Family 6 Model 154 Stepping 3, GenuineIntel
TMP=C:\Users\RPA\AppData\Local\Temp
TEMP=C:\Users\RPA\AppData\Local\Temp




Periodic native trim disabled

---------------  S Y S T E M  ---------------

OS:
 Windows 11 , 64 bit Build 22621 (10.0.22621.5415)
OS uptime: 9 days 1:58 hours
Hyper-V role detected

CPU: total 12 (initial active 12) (6 cores per cpu, 2 threads per core) family 6 model 154 stepping 3 microcode 0x423, cx8, cmov, fxsr, ht, mmx, 3dnowpref, sse, sse2, sse3, ssse3, sse4.1, sse4.2, popcnt, lzcnt, tsc, tscinvbit, avx, avx2, aes, erms, clmul, bmi1, bmi2, adx, sha, fma, vzeroupper, clflush, clflushopt, clwb, hv, serialize, rdtscp, rdpid, fsrm, f16c, cet_ibt, cet_ss
Processor Information for processor 0
  Max Mhz: 2000, Current Mhz: 2000, Mhz Limit: 2000
Processor Information for processor 1
  Max Mhz: 2000, Current Mhz: 2000, Mhz Limit: 2000
Processor Information for processor 2
  Max Mhz: 2000, Current Mhz: 2000, Mhz Limit: 2000
Processor Information for processor 3
  Max Mhz: 2000, Current Mhz: 2000, Mhz Limit: 2000
Processor Information for processor 4
  Max Mhz: 2000, Current Mhz: 2000, Mhz Limit: 2000
Processor Information for processor 5
  Max Mhz: 2000, Current Mhz: 2000, Mhz Limit: 2000
Processor Information for processor 6
  Max Mhz: 2000, Current Mhz: 2000, Mhz Limit: 2000
Processor Information for processor 7
  Max Mhz: 2000, Current Mhz: 2000, Mhz Limit: 2000
Processor Information for processor 8
  Max Mhz: 2000, Current Mhz: 1500, Mhz Limit: 1500
Processor Information for processor 9
  Max Mhz: 2000, Current Mhz: 1500, Mhz Limit: 1500
Processor Information for processor 10
  Max Mhz: 2000, Current Mhz: 1500, Mhz Limit: 1500
Processor Information for processor 11
  Max Mhz: 2000, Current Mhz: 1500, Mhz Limit: 1500

Memory: 4k page, system-wide physical 16091M (437M free)
TotalPageFile size 34841M (AvailPageFile size 4M)
current process WorkingSet (physical memory assigned to process): 87M, peak: 87M
current process commit charge ("private bytes"): 210M, peak: 211M

vm_info: OpenJDK 64-Bit Server VM (21.0.7+6-LTS) for windows-amd64 JRE (21.0.7+6-LTS), built on 2025-04-15T00:00:00Z by "admin" with MS VC++ 17.7 (VS2022)

END.
